2020-08-07 10:41:38,900 WARN  [SoapUI] Missing folder [C:\Users\MadhuriBankey\Desktop\SOAP Project\ext] for external libraries
2020-08-07 10:41:39,121 INFO  [DefaultSoapUICore] initialized soapui-settings from [C:\Users\MadhuriBankey\soapui-settings.xml]
2020-08-07 10:41:40,986 INFO  [WsdlProject] Loaded project from [file:/C:/Users/MadhuriBankey/Desktop/SOAP%20Project/Project-Assignment-soapui-project.xml]
2020-08-07 10:41:41,724 INFO  [SoapUITestCaseRunner] Running SoapUI tests in project [Project Assignment]
2020-08-07 10:41:41,726 INFO  [SoapUITestCaseRunner] Running Project [Project Assignment], runType = SEQUENTIAL
2020-08-07 10:41:41,761 INFO  [SoapUITestCaseRunner] Running SoapUI testcase [PropertyTransfer]
2020-08-07 10:41:41,776 INFO  [SoapUITestCaseRunner] running step [Properties]
2020-08-07 10:41:41,827 INFO  [SoapUITestCaseRunner] running step [Property Transfer1]
2020-08-07 10:41:42,186 INFO  [SoapUITestCaseRunner] running step [Save]
2020-08-07 10:41:43,768 INFO  [SoapUITestCaseRunner] Assertion [SOAP Response] has status VALID
2020-08-07 10:41:43,769 INFO  [SoapUITestCaseRunner] running step [GetList]
2020-08-07 10:42:59,342 INFO  [SoapUITestCaseRunner] Assertion [SOAP Response] has status VALID
2020-08-07 10:42:59,342 INFO  [SoapUITestCaseRunner] running step [Property Transfer2]
2020-08-07 10:42:59,346 INFO  [SoapUITestCaseRunner] running step [GetById]
2020-08-07 10:43:00,159 INFO  [SoapUITestCaseRunner] Assertion [SOAP Response] has status VALID
2020-08-07 10:43:00,160 INFO  [SoapUITestCaseRunner] running step [Property Transfer3]
2020-08-07 10:43:00,169 INFO  [SoapUITestCaseRunner] running step [DeleteById]
2020-08-07 10:43:01,322 INFO  [SoapUITestCaseRunner] Assertion [SOAP Response] has status VALID
2020-08-07 10:43:01,330 INFO  [SoapUITestCaseRunner] Finished running SoapUI testcase [PropertyTransfer], time taken: 79519ms, status: FINISHED
2020-08-07 10:43:01,335 INFO  [SoapUITestCaseRunner] Running SoapUI testcase [PropertyExpansion]
2020-08-07 10:43:01,336 INFO  [SoapUITestCaseRunner] running step [Properties]
2020-08-07 10:43:01,340 INFO  [SoapUITestCaseRunner] running step [Save]
2020-08-07 10:43:02,133 INFO  [SoapUITestCaseRunner] Assertion [SOAP Response] has status VALID
2020-08-07 10:43:02,134 INFO  [SoapUITestCaseRunner] running step [GetList]
2020-08-07 10:44:10,091 INFO  [SoapUITestCaseRunner] Assertion [SOAP Response] has status VALID
2020-08-07 10:44:10,092 INFO  [SoapUITestCaseRunner] running step [GetById]
2020-08-07 10:44:10,846 INFO  [SoapUITestCaseRunner] Assertion [SOAP Response] has status VALID
2020-08-07 10:44:10,847 INFO  [SoapUITestCaseRunner] running step [DeleteById]
2020-08-07 10:44:11,599 INFO  [SoapUITestCaseRunner] Assertion [SOAP Response] has status VALID
2020-08-07 10:44:11,600 INFO  [SoapUITestCaseRunner] Finished running SoapUI testcase [PropertyExpansion], time taken: 70248ms, status: FINISHED
2020-08-07 10:44:11,602 INFO  [SoapUITestCaseRunner] Running SoapUI testcase [GroovyWIthProperties]
2020-08-07 10:44:11,603 INFO  [SoapUITestCaseRunner] running step [Groovy Script1]
2020-08-07 10:44:12,167 INFO  [log] 
2020-08-07 10:44:12,170 INFO  [SoapUITestCaseRunner] running step [Properties]
2020-08-07 10:44:12,176 INFO  [SoapUITestCaseRunner] running step [Save]
2020-08-07 10:44:13,094 INFO  [SoapUITestCaseRunner] Assertion [SOAP Response] has status VALID
2020-08-07 10:44:13,094 INFO  [SoapUITestCaseRunner] Assertion [Script Assertion] has status UNKNOWN
2020-08-07 10:44:13,103 INFO  [SoapUITestCaseRunner] running step [GetList2]
2020-08-07 10:45:19,076 INFO  [SoapUITestCaseRunner] Assertion [SOAP Response] has status VALID
2020-08-07 10:45:19,076 INFO  [SoapUITestCaseRunner] Assertion [Script Assertion] has status UNKNOWN
2020-08-07 10:45:19,076 INFO  [SoapUITestCaseRunner] running step [Groovy Script]
2020-08-07 10:45:19,120 INFO  [log] 4749
2020-08-07 10:45:19,122 INFO  [SoapUITestCaseRunner] running step [GetById]
2020-08-07 10:45:19,896 INFO  [SoapUITestCaseRunner] Assertion [SOAP Response] has status VALID
2020-08-07 10:45:19,896 INFO  [SoapUITestCaseRunner] Assertion [Script Assertion] has status UNKNOWN
2020-08-07 10:45:19,899 INFO  [SoapUITestCaseRunner] running step [DeleteById]
2020-08-07 10:45:21,038 INFO  [SoapUITestCaseRunner] Assertion [SOAP Response] has status VALID
2020-08-07 10:45:21,040 INFO  [SoapUITestCaseRunner] Finished running SoapUI testcase [GroovyWIthProperties], time taken: 69408ms, status: FINISHED
2020-08-07 10:45:21,044 INFO  [SoapUITestCaseRunner] Running SoapUI testcase [GroovyOnly]
2020-08-07 10:45:21,044 INFO  [SoapUITestCaseRunner] running step [Groovy Script]
2020-08-07 10:45:21,113 INFO  [SoapUITestCaseRunner] Running SoapUI testcase [PropertyExpansion]
2020-08-07 10:45:21,114 INFO  [SoapUITestCaseRunner] running step [Properties]
2020-08-07 10:45:21,120 INFO  [SoapUITestCaseRunner] running step [Save]
2020-08-07 10:45:21,924 INFO  [SoapUITestCaseRunner] Assertion [SOAP Response] has status VALID
2020-08-07 10:45:21,925 INFO  [SoapUITestCaseRunner] running step [GetList]
2020-08-07 10:46:43,539 INFO  [SoapUITestCaseRunner] Assertion [SOAP Response] has status VALID
2020-08-07 10:46:43,539 INFO  [SoapUITestCaseRunner] running step [GetById]
2020-08-07 10:46:44,304 INFO  [SoapUITestCaseRunner] Assertion [SOAP Response] has status VALID
2020-08-07 10:46:44,304 INFO  [SoapUITestCaseRunner] running step [DeleteById]
2020-08-07 10:46:45,600 INFO  [SoapUITestCaseRunner] Assertion [SOAP Response] has status VALID
2020-08-07 10:46:45,602 INFO  [SoapUITestCaseRunner] Finished running SoapUI testcase [PropertyExpansion], time taken: 84473ms, status: FINISHED
2020-08-07 10:46:45,618 INFO  [log] Status=FINISHED, time taken to complete test case is:84473 ms
2020-08-07 10:46:45,654 INFO  [log] number of test steps executed are :5
2020-08-07 10:46:45,657 INFO  [SoapUITestCaseRunner] Finished running SoapUI testcase [GroovyOnly], time taken: 84610ms, status: FINISHED
2020-08-07 10:46:45,670 INFO  [SoapUITestCaseRunner] Project [Project Assignment] finished with status [FINISHED] in 303937ms
